#
# There is insufficient memory for the Java Runtime Environment to continue.
# Native memory allocation (malloc) failed to allocate 1650256 bytes for Chunk::new
# Possible reasons:
#   The system is out of physical RAM or swap space
#   The process is running with CompressedOops enabled, and the Java Heap may be blocking the growth of the native heap
# Possible solutions:
#   Reduce memory load on the system
#   Increase physical memory or swap space
#   Check if swap backing store is full
#   Decrease Java heap size (-Xmx/-Xms)
#   Decrease number of Java threads
#   Decrease Java thread stack sizes (-Xss)
#   Set larger code cache with -XX:ReservedCodeCacheSize=
#   JVM is running with Zero Based Compressed Oops mode in which the Java heap is
#     placed in the first 32GB address space. The Java Heap base address is the
#     maximum limit for the native heap growth. Please use -XX:HeapBaseMinAddress
#     to set the Java Heap base and to place the Java Heap above 32GB virtual address.
# This output file may be truncated or incomplete.
#
#  Out of Memory Error (./src/hotspot/share/memory/arena.cpp:197), pid=38296, tid=21328
#
# JRE version: OpenJDK Runtime Environment Temurin-11.0.14.1+1 (11.0.14.1+1) (build 11.0.14.1+1)
# Java VM: OpenJDK 64-Bit Server VM Temurin-11.0.14.1+1 (11.0.14.1+1, mixed mode, tiered, compressed oops, g1 gc, windows-amd64)
# No core dump will be written. Minidumps are not enabled by default on client versions of Windows
#

---------------  S U M M A R Y ------------

Command Line: -Dfile.encoding=UTF-8 -Dcom.android.sdklib.toolsdir=C:\Program Files\Unity\Hub\Editor\2022.3.17f1\Editor\Data\PlaybackEngines\AndroidPlayer\SDK\cmdline-tools\6.0\bin\\.. com.android.sdklib.tool.sdkmanager.SdkManagerCli --list

Host: 13th Gen Intel(R) Core(TM) i9-13900HX, 32 cores, 15G,  Windows 11 , 64 bit Build 22621 (10.0.22621.3374)
Time: Thu Apr 18 18:20:36 2024 India Standard Time elapsed time: 0.847974 seconds (0d 0h 0m 0s)

---------------  T H R E A D  ---------------

Current thread (0x000001a42b371000):  JavaThread "C2 CompilerThread0" daemon [_thread_in_native, id=21328, stack(0x0000004fb7b00000,0x0000004fb7c00000)]


Current CompileTask:
C2:    848 2586   !   4       com.sun.org.apache.xerces.internal.parsers.AbstractSAXParser::startElement (318 bytes)

Stack: [0x0000004fb7b00000,0x0000004fb7c00000]
Native frames: (J=compiled Java code, j=interpreted, Vv=VM code, C=native code)
V  [jvm.dll+0x61e59a]
V  [jvm.dll+0x7aaca9]
V  [jvm.dll+0x7ac398]
V  [jvm.dll+0x7aca73]
V  [jvm.dll+0x24f9b8]
V  [jvm.dll+0xc260c]
V  [jvm.dll+0xc2bcc]
V  [jvm.dll+0x359a07]
V  [jvm.dll+0x325b93]
V  [jvm.dll+0x324eca]
V  [jvm.dll+0x208c05]
V  [jvm.dll+0x207ded]
V  [jvm.dll+0x18a2c1]
V  [jvm.dll+0x217734]
V  [jvm.dll+0x21597b]
V  [jvm.dll+0x76d7c0]
V  [jvm.dll+0x766724]
V  [jvm.dll+0x61d3f6]
C  [ucrtbase.dll+0x29333]
C  [KERNEL32.DLL+0x1257d]
C  [ntdll.dll+0x5aa48]


---------------  P R O C E S S  ---------------

Threads class SMR info:
_java_thread_list=0x000001a42c820390, length=15, elements={
0x000001a404d21800, 0x000001a42b2f3000, 0x000001a42b2f4000, 0x000001a42b368800,
0x000001a42b369000, 0x000001a42b36d000, 0x000001a42b371000, 0x000001a42b372000,
0x000001a42b374800, 0x000001a42a478800, 0x000001a42b545800, 0x000001a42b729800,
0x000001a42bb2a000, 0x000001a42bc2b800, 0x000001a42bc2c800
}

Java Threads: ( => current thread )
  0x000001a404d21800 JavaThread "main" [_thread_in_Java, id=68000, stack(0x0000004fb6f00000,0x0000004fb7000000)]
  0x000001a42b2f3000 JavaThread "Reference Handler" daemon [_thread_blocked, id=22276, stack(0x0000004fb7600000,0x0000004fb7700000)]
  0x000001a42b2f4000 JavaThread "Finalizer" daemon [_thread_blocked, id=44868, stack(0x0000004fb7700000,0x0000004fb7800000)]
  0x000001a42b368800 JavaThread "Signal Dispatcher" daemon [_thread_blocked, id=29372, stack(0x0000004fb7800000,0x0000004fb7900000)]
  0x000001a42b369000 JavaThread "Attach Listener" daemon [_thread_blocked, id=15300, stack(0x0000004fb7900000,0x0000004fb7a00000)]
  0x000001a42b36d000 JavaThread "Service Thread" daemon [_thread_blocked, id=15812, stack(0x0000004fb7a00000,0x0000004fb7b00000)]
=>0x000001a42b371000 JavaThread "C2 CompilerThread0" daemon [_thread_in_native, id=21328, stack(0x0000004fb7b00000,0x0000004fb7c00000)]
  0x000001a42b372000 JavaThread "C1 CompilerThread0" daemon [_thread_blocked, id=68812, stack(0x0000004fb7c00000,0x0000004fb7d00000)]
  0x000001a42b374800 JavaThread "Sweeper thread" daemon [_thread_blocked, id=49188, stack(0x0000004fb7d00000,0x0000004fb7e00000)]
  0x000001a42a478800 JavaThread "C1 CompilerThread1" daemon [_thread_blocked, id=37184, stack(0x0000004fb7e00000,0x0000004fb7f00000)]
  0x000001a42b545800 JavaThread "Common-Cleaner" daemon [_thread_blocked, id=13956, stack(0x0000004fb8000000,0x0000004fb8100000)]
  0x000001a42b729800 JavaThread "C2 CompilerThread1" daemon [_thread_in_native, id=12804, stack(0x0000004fb8100000,0x0000004fb8200000)]
  0x000001a42bb2a000 JavaThread "C1 CompilerThread2" daemon [_thread_blocked, id=20524, stack(0x0000004fb8200000,0x0000004fb8300000)]
  0x000001a42bc2b800 JavaThread "C1 CompilerThread3" daemon [_thread_blocked, id=38116, stack(0x0000004fb8300000,0x0000004fb8400000)]
  0x000001a42bc2c800 JavaThread "C1 CompilerThread4" daemon [_thread_blocked, id=26920, stack(0x0000004fb8400000,0x0000004fb8500000)]

Other Threads:
  0x000001a42b2f1800 VMThread "VM Thread" [stack: 0x0000004fb7500000,0x0000004fb7600000] [id=66480]
  0x000001a42b539800 WatcherThread [stack: 0x0000004fb7f00000,0x0000004fb8000000] [id=36788]
  0x000001a404d40000 GCTaskThread "GC Thread#0" [stack: 0x0000004fb7000000,0x0000004fb7100000] [id=32320]
  0x000001a42c605000 GCTaskThread "GC Thread#1" [stack: 0x0000004fb8500000,0x0000004fb8600000] [id=53808]
  0x000001a42c607800 GCTaskThread "GC Thread#2" [stack: 0x0000004fb8600000,0x0000004fb8700000] [id=67096]
  0x000001a42c5ea800 GCTaskThread "GC Thread#3" [stack: 0x0000004fb8700000,0x0000004fb8800000] [id=7456]
  0x000001a42c5eb000 GCTaskThread "GC Thread#4" [stack: 0x0000004fb8800000,0x0000004fb8900000] [id=38816]
  0x000001a42c5ec000 GCTaskThread "GC Thread#5" [stack: 0x0000004fb8900000,0x0000004fb8a00000] [id=41968]
  0x000001a404d9d800 ConcurrentGCThread "G1 Main Marker" [stack: 0x0000004fb7100000,0x0000004fb7200000] [id=37332]
  0x000001a404d9f800 ConcurrentGCThread "G1 Conc#0" [stack: 0x0000004fb7200000,0x0000004fb7300000] [id=52668]
  0x000001a42a3f9000 ConcurrentGCThread "G1 Refine#0" [stack: 0x0000004fb7300000,0x0000004fb7400000] [id=70292]
  0x000001a42a3fa000 ConcurrentGCThread "G1 Young RemSet Sampling" [stack: 0x0000004fb7400000,0x0000004fb7500000] [id=41528]

Threads with active compile tasks:
C2 CompilerThread0    865 2586   !   4       com.sun.org.apache.xerces.internal.parsers.AbstractSAXParser::startElement (318 bytes)
C2 CompilerThread1    865 2585       4       com.sun.org.apache.xerces.internal.impl.XMLNSDocumentScannerImpl::scanStartElement (1026 bytes)

VM state:not at safepoint (normal execution)

VM Mutex/Monitor currently owned by a thread: None

Heap address: 0x0000000704200000, size: 4030 MB, Compressed Oops mode: Zero based, Oop shift amount: 3
Narrow klass base: 0x0000000800000000, Narrow klass shift: 0
Compressed class space size: 1073741824 Address: 0x0000000800000000

Heap:
 garbage-first heap   total 258048K, used 127687K [0x0000000704200000, 0x0000000800000000)
  region size 1024K, 126 young (129024K), 3 survivors (3072K)
 Metaspace       used 19006K, capacity 19352K, committed 19712K, reserved 1067008K
  class space    used 1838K, capacity 1928K, committed 2048K, reserved 1048576K
Heap Regions: E=young(eden), S=young(survivor), O=old, HS=humongous(starts), HC=humongous(continues), CS=collection set, F=free, A=archive, TAMS=top-at-mark-start (previous, next)
|   0|0x0000000704200000, 0x0000000704200000, 0x0000000704300000|  0%| F|  |TAMS 0x0000000704200000, 0x0000000704200000| Untracked 
|   1|0x0000000704300000, 0x00000007043b1c00, 0x0000000704400000| 69%| O|  |TAMS 0x0000000704300000, 0x0000000704300000| Untracked 
|   2|0x0000000704400000, 0x0000000704400000, 0x0000000704500000|  0%| F|  |TAMS 0x0000000704400000, 0x0000000704400000| Untracked 
|   3|0x0000000704500000, 0x0000000704500000, 0x0000000704600000|  0%| F|  |TAMS 0x0000000704500000, 0x0000000704500000| Untracked 
|   4|0x0000000704600000, 0x0000000704600000, 0x0000000704700000|  0%| F|  |TAMS 0x0000000704600000, 0x0000000704600000| Untracked 
|   5|0x0000000704700000, 0x0000000704700000, 0x0000000704800000|  0%| F|  |TAMS 0x0000000704700000, 0x0000000704700000| Untracked 
|   6|0x0000000704800000, 0x0000000704800000, 0x0000000704900000|  0%| F|  |TAMS 0x0000000704800000, 0x0000000704800000| Untracked 
|   7|0x0000000704900000, 0x0000000704900000, 0x0000000704a00000|  0%| F|  |TAMS 0x0000000704900000, 0x0000000704900000| Untracked 
|   8|0x0000000704a00000, 0x0000000704a00000, 0x0000000704b00000|  0%| F|  |TAMS 0x0000000704a00000, 0x0000000704a00000| Untracked 
|   9|0x0000000704b00000, 0x0000000704b00000, 0x0000000704c00000|  0%| F|  |TAMS 0x0000000704b00000, 0x0000000704b00000| Untracked 
|  10|0x0000000704c00000, 0x0000000704c00000, 0x0000000704d00000|  0%| F|  |TAMS 0x0000000704c00000, 0x0000000704c00000| Untracked 
|  11|0x0000000704d00000, 0x0000000704d00000, 0x0000000704e00000|  0%| F|  |TAMS 0x0000000704d00000, 0x0000000704d00000| Untracked 
|  12|0x0000000704e00000, 0x0000000704e00000, 0x0000000704f00000|  0%| F|  |TAMS 0x0000000704e00000, 0x0000000704e00000| Untracked 
|  13|0x0000000704f00000, 0x0000000704f00000, 0x0000000705000000|  0%| F|  |TAMS 0x0000000704f00000, 0x0000000704f00000| Untracked 
|  14|0x0000000705000000, 0x0000000705000000, 0x0000000705100000|  0%| F|  |TAMS 0x0000000705000000, 0x0000000705000000| Untracked 
|  15|0x0000000705100000, 0x0000000705100000, 0x0000000705200000|  0%| F|  |TAMS 0x0000000705100000, 0x0000000705100000| Untracked 
|  16|0x0000000705200000, 0x0000000705200000, 0x0000000705300000|  0%| F|  |TAMS 0x0000000705200000, 0x0000000705200000| Untracked 
|  17|0x0000000705300000, 0x0000000705300000, 0x0000000705400000|  0%| F|  |TAMS 0x0000000705300000, 0x0000000705300000| Untracked 
|  18|0x0000000705400000, 0x0000000705400000, 0x0000000705500000|  0%| F|  |TAMS 0x0000000705400000, 0x0000000705400000| Untracked 
|  19|0x0000000705500000, 0x0000000705500000, 0x0000000705600000|  0%| F|  |TAMS 0x0000000705500000, 0x0000000705500000| Untracked 
|  20|0x0000000705600000, 0x0000000705600000, 0x0000000705700000|  0%| F|  |TAMS 0x0000000705600000, 0x0000000705600000| Untracked 
|  21|0x0000000705700000, 0x0000000705700000, 0x0000000705800000|  0%| F|  |TAMS 0x0000000705700000, 0x0000000705700000| Untracked 
|  22|0x0000000705800000, 0x0000000705800000, 0x0000000705900000|  0%| F|  |TAMS 0x0000000705800000, 0x0000000705800000| Untracked 
|  23|0x0000000705900000, 0x0000000705900000, 0x0000000705a00000|  0%| F|  |TAMS 0x0000000705900000, 0x0000000705900000| Untracked 
|  24|0x0000000705a00000, 0x0000000705a00000, 0x0000000705b00000|  0%| F|  |TAMS 0x0000000705a00000, 0x0000000705a00000| Untracked 
|  25|0x0000000705b00000, 0x0000000705b00000, 0x0000000705c00000|  0%| F|  |TAMS 0x0000000705b00000, 0x0000000705b00000| Untracked 
|  26|0x0000000705c00000, 0x0000000705c00000, 0x0000000705d00000|  0%| F|  |TAMS 0x0000000705c00000, 0x0000000705c00000| Untracked 
|  27|0x0000000705d00000, 0x0000000705d00000, 0x0000000705e00000|  0%| F|  |TAMS 0x0000000705d00000, 0x0000000705d00000| Untracked 
|  28|0x0000000705e00000, 0x0000000705e00000, 0x0000000705f00000|  0%| F|  |TAMS 0x0000000705e00000, 0x0000000705e00000| Untracked 
|  29|0x0000000705f00000, 0x0000000705f00000, 0x0000000706000000|  0%| F|  |TAMS 0x0000000705f00000, 0x0000000705f00000| Untracked 
|  30|0x0000000706000000, 0x0000000706000000, 0x0000000706100000|  0%| F|  |TAMS 0x0000000706000000, 0x0000000706000000| Untracked 
|  31|0x0000000706100000, 0x0000000706100000, 0x0000000706200000|  0%| F|  |TAMS 0x0000000706100000, 0x0000000706100000| Untracked 
|  32|0x0000000706200000, 0x0000000706200000, 0x0000000706300000|  0%| F|  |TAMS 0x0000000706200000, 0x0000000706200000| Untracked 
|  33|0x0000000706300000, 0x0000000706300000, 0x0000000706400000|  0%| F|  |TAMS 0x0000000706300000, 0x0000000706300000| Untracked 
|  34|0x0000000706400000, 0x0000000706400000, 0x0000000706500000|  0%| F|  |TAMS 0x0000000706400000, 0x0000000706400000| Untracked 
|  35|0x0000000706500000, 0x0000000706500000, 0x0000000706600000|  0%| F|  |TAMS 0x0000000706500000, 0x0000000706500000| Untracked 
|  36|0x0000000706600000, 0x0000000706600000, 0x0000000706700000|  0%| F|  |TAMS 0x0000000706600000, 0x0000000706600000| Untracked 
|  37|0x0000000706700000, 0x0000000706700000, 0x0000000706800000|  0%| F|  |TAMS 0x0000000706700000, 0x0000000706700000| Untracked 
|  38|0x0000000706800000, 0x0000000706800000, 0x0000000706900000|  0%| F|  |TAMS 0x0000000706800000, 0x0000000706800000| Untracked 
|  39|0x0000000706900000, 0x0000000706900000, 0x0000000706a00000|  0%| F|  |TAMS 0x0000000706900000, 0x0000000706900000| Untracked 
|  40|0x0000000706a00000, 0x0000000706a00000, 0x0000000706b00000|  0%| F|  |TAMS 0x0000000706a00000, 0x0000000706a00000| Untracked 
|  41|0x0000000706b00000, 0x0000000706b00000, 0x0000000706c00000|  0%| F|  |TAMS 0x0000000706b00000, 0x0000000706b00000| Untracked 
|  42|0x0000000706c00000, 0x0000000706c00000, 0x0000000706d00000|  0%| F|  |TAMS 0x0000000706c00000, 0x0000000706c00000| Untracked 
|  43|0x0000000706d00000, 0x0000000706d00000, 0x0000000706e00000|  0%| F|  |TAMS 0x0000000706d00000, 0x0000000706d00000| Untracked 
|  44|0x0000000706e00000, 0x0000000706e00000, 0x0000000706f00000|  0%| F|  |TAMS 0x0000000706e00000, 0x0000000706e00000| Untracked 
|  45|0x0000000706f00000, 0x0000000706f00000, 0x0000000707000000|  0%| F|  |TAMS 0x0000000706f00000, 0x0000000706f00000| Untracked 
|  46|0x0000000707000000, 0x0000000707000000, 0x0000000707100000|  0%| F|  |TAMS 0x0000000707000000, 0x0000000707000000| Untracked 
|  47|0x0000000707100000, 0x0000000707100000, 0x0000000707200000|  0%| F|  |TAMS 0x0000000707100000, 0x0000000707100000| Untracked 
|  48|0x0000000707200000, 0x0000000707200000, 0x0000000707300000|  0%| F|  |TAMS 0x0000000707200000, 0x0000000707200000| Untracked 
|  49|0x0000000707300000, 0x0000000707300000, 0x0000000707400000|  0%| F|  |TAMS 0x0000000707300000, 0x0000000707300000| Untracked 
|  50|0x0000000707400000, 0x0000000707400000, 0x0000000707500000|  0%| F|  |TAMS 0x0000000707400000, 0x0000000707400000| Untracked 
|  51|0x0000000707500000, 0x0000000707500000, 0x0000000707600000|  0%| F|  |TAMS 0x0000000707500000, 0x0000000707500000| Untracked 
|  52|0x0000000707600000, 0x0000000707600000, 0x0000000707700000|  0%| F|  |TAMS 0x0000000707600000, 0x0000000707600000| Untracked 
|  53|0x0000000707700000, 0x0000000707700000, 0x0000000707800000|  0%| F|  |TAMS 0x0000000707700000, 0x0000000707700000| Untracked 
|  54|0x0000000707800000, 0x0000000707800000, 0x0000000707900000|  0%| F|  |TAMS 0x0000000707800000, 0x0000000707800000| Untracked 
|  55|0x0000000707900000, 0x0000000707900000, 0x0000000707a00000|  0%| F|  |TAMS 0x0000000707900000, 0x0000000707900000| Untracked 
|  56|0x0000000707a00000, 0x0000000707a00000, 0x0000000707b00000|  0%| F|  |TAMS 0x0000000707a00000, 0x0000000707a00000| Untracked 
|  57|0x0000000707b00000, 0x0000000707b00000, 0x0000000707c00000|  0%| F|  |TAMS 0x0000000707b00000, 0x0000000707b00000| Untracked 
|  58|0x0000000707c00000, 0x0000000707c00000, 0x0000000707d00000|  0%| F|  |TAMS 0x0000000707c00000, 0x0000000707c00000| Untracked 
|  59|0x0000000707d00000, 0x0000000707d00000, 0x0000000707e00000|  0%| F|  |TAMS 0x0000000707d00000, 0x0000000707d00000| Untracked 
|  60|0x0000000707e00000, 0x0000000707e00000, 0x0000000707f00000|  0%| F|  |TAMS 0x0000000707e00000, 0x0000000707e00000| Untracked 
|  61|0x0000000707f00000, 0x0000000707f00000, 0x0000000708000000|  0%| F|  |TAMS 0x0000000707f00000, 0x0000000707f00000| Untracked 
|  62|0x0000000708000000, 0x0000000708000000, 0x0000000708100000|  0%| F|  |TAMS 0x0000000708000000, 0x0000000708000000| Untracked 
|  63|0x0000000708100000, 0x0000000708100000, 0x0000000708200000|  0%| F|  |TAMS 0x0000000708100000, 0x0000000708100000| Untracked 
|  64|0x0000000708200000, 0x0000000708200000, 0x0000000708300000|  0%| F|  |TAMS 0x0000000708200000, 0x0000000708200000| Untracked 
|  65|0x0000000708300000, 0x0000000708300000, 0x0000000708400000|  0%| F|  |TAMS 0x0000000708300000, 0x0000000708300000| Untracked 
|  66|0x0000000708400000, 0x0000000708400000, 0x0000000708500000|  0%| F|  |TAMS 0x0000000708400000, 0x0000000708400000| Untracked 
|  67|0x0000000708500000, 0x0000000708500000, 0x0000000708600000|  0%| F|  |TAMS 0x0000000708500000, 0x0000000708500000| Untracked 
|  68|0x0000000708600000, 0x0000000708600000, 0x0000000708700000|  0%| F|  |TAMS 0x0000000708600000, 0x0000000708600000| Untracked 
|  69|0x0000000708700000, 0x0000000708700000, 0x0000000708800000|  0%| F|  |TAMS 0x0000000708700000, 0x0000000708700000| Untracked 
|  70|0x0000000708800000, 0x0000000708800000, 0x0000000708900000|  0%| F|  |TAMS 0x0000000708800000, 0x0000000708800000| Untracked 
|  71|0x0000000708900000, 0x0000000708900000, 0x0000000708a00000|  0%| F|  |TAMS 0x0000000708900000, 0x0000000708900000| Untracked 
|  72|0x0000000708a00000, 0x0000000708a00000, 0x0000000708b00000|  0%| F|  |TAMS 0x0000000708a00000, 0x0000000708a00000| Untracked 
|  73|0x0000000708b00000, 0x0000000708b00000, 0x0000000708c00000|  0%| F|  |TAMS 0x0000000708b00000, 0x0000000708b00000| Untracked 
|  74|0x0000000708c00000, 0x0000000708c00000, 0x0000000708d00000|  0%| F|  |TAMS 0x0000000708c00000, 0x0000000708c00000| Untracked 
|  75|0x0000000708d00000, 0x0000000708d00000, 0x0000000708e00000|  0%| F|  |TAMS 0x0000000708d00000, 0x0000000708d00000| Untracked 
|  76|0x0000000708e00000, 0x0000000708e00000, 0x0000000708f00000|  0%| F|  |TAMS 0x0000000708e00000, 0x0000000708e00000| Untracked 
|  77|0x0000000708f00000, 0x0000000708f00000, 0x0000000709000000|  0%| F|  |TAMS 0x0000000708f00000, 0x0000000708f00000| Untracked 
|  78|0x0000000709000000, 0x0000000709000000, 0x0000000709100000|  0%| F|  |TAMS 0x0000000709000000, 0x0000000709000000| Untracked 
|  79|0x0000000709100000, 0x0000000709100000, 0x0000000709200000|  0%| F|  |TAMS 0x0000000709100000, 0x0000000709100000| Untracked 
|  80|0x0000000709200000, 0x0000000709200000, 0x0000000709300000|  0%| F|  |TAMS 0x0000000709200000, 0x0000000709200000| Untracked 
|  81|0x0000000709300000, 0x0000000709300000, 0x0000000709400000|  0%| F|  |TAMS 0x0000000709300000, 0x0000000709300000| Untracked 
|  82|0x0000000709400000, 0x0000000709400000, 0x0000000709500000|  0%| F|  |TAMS 0x0000000709400000, 0x0000000709400000| Untracked 
|  83|0x0000000709500000, 0x0000000709500000, 0x0000000709600000|  0%| F|  |TAMS 0x0000000709500000, 0x0000000709500000| Untracked 
|  84|0x0000000709600000, 0x0000000709600000, 0x0000000709700000|  0%| F|  |TAMS 0x0000000709600000, 0x0000000709600000| Untracked 
|  85|0x0000000709700000, 0x0000000709700000, 0x0000000709800000|  0%| F|  |TAMS 0x0000000709700000, 0x0000000709700000| Untracked 
|  86|0x0000000709800000, 0x0000000709800000, 0x0000000709900000|  0%| F|  |TAMS 0x0000000709800000, 0x0000000709800000| Untracked 
|  87|0x0000000709900000, 0x0000000709900000, 0x0000000709a00000|  0%| F|  |TAMS 0x0000000709900000, 0x0000000709900000| Untracked 
|  88|0x0000000709a00000, 0x0000000709a00000, 0x0000000709b00000|  0%| F|  |TAMS 0x0000000709a00000, 0x0000000709a00000| Untracked 
|  89|0x0000000709b00000, 0x0000000709b00000, 0x0000000709c00000|  0%| F|  |TAMS 0x0000000709b00000, 0x0000000709b00000| Untracked 
|  90|0x0000000709c00000, 0x0000000709c00000, 0x0000000709d00000|  0%| F|  |TAMS 0x0000000709c00000, 0x0000000709c00000| Untracked 
|  91|0x0000000709d00000, 0x0000000709d00000, 0x0000000709e00000|  0%| F|  |TAMS 0x0000000709d00000, 0x0000000709d00000| Untracked 
|  92|0x0000000709e00000, 0x0000000709e00000, 0x0000000709f00000|  0%| F|  |TAMS 0x0000000709e00000, 0x0000000709e00000| Untracked 
|  93|0x0000000709f00000, 0x0000000709f00000, 0x000000070a000000|  0%| F|  |TAMS 0x0000000709f00000, 0x0000000709f00000| Untracked 
|  94|0x000000070a000000, 0x000000070a000000, 0x000000070a100000|  0%| F|  |TAMS 0x000000070a000000, 0x000000070a000000| Untracked 
|  95|0x000000070a100000, 0x000000070a100000, 0x000000070a200000|  0%| F|  |TAMS 0x000000070a100000, 0x000000070a100000| Untracked 
|  96|0x000000070a200000, 0x000000070a200000, 0x000000070a300000|  0%| F|  |TAMS 0x000000070a200000, 0x000000070a200000| Untracked 
|  97|0x000000070a300000, 0x000000070a300000, 0x000000070a400000|  0%| F|  |TAMS 0x000000070a300000, 0x000000070a300000| Untracked 
|  98|0x000000070a400000, 0x000000070a400000, 0x000000070a500000|  0%| F|  |TAMS 0x000000070a400000, 0x000000070a400000| Untracked 
|  99|0x000000070a500000, 0x000000070a500000, 0x000000070a600000|  0%| F|  |TAMS 0x000000070a500000, 0x000000070a500000| Untracked 
| 100|0x000000070a600000, 0x000000070a600000, 0x000000070a700000|  0%| F|  |TAMS 0x000000070a600000, 0x000000070a600000| Untracked 
| 101|0x000000070a700000, 0x000000070a700000, 0x000000070a800000|  0%| F|  |TAMS 0x000000070a700000, 0x000000070a700000| Untracked 
| 102|0x000000070a800000, 0x000000070a800000, 0x000000070a900000|  0%| F|  |TAMS 0x000000070a800000, 0x000000070a800000| Untracked 
| 103|0x000000070a900000, 0x000000070a900000, 0x000000070aa00000|  0%| F|  |TAMS 0x000000070a900000, 0x000000070a900000| Untracked 
| 104|0x000000070aa00000, 0x000000070aa00000, 0x000000070ab00000|  0%| F|  |TAMS 0x000000070aa00000, 0x000000070aa00000| Untracked 
| 105|0x000000070ab00000, 0x000000070ab00000, 0x000000070ac00000|  0%| F|  |TAMS 0x000000070ab00000, 0x000000070ab00000| Untracked 
| 106|0x000000070ac00000, 0x000000070ac00000, 0x000000070ad00000|  0%| F|  |TAMS 0x000000070ac00000, 0x000000070ac00000| Untracked 
| 107|0x000000070ad00000, 0x000000070ad00000, 0x000000070ae00000|  0%| F|  |TAMS 0x000000070ad00000, 0x000000070ad00000| Untracked 
| 108|0x000000070ae00000, 0x000000070ae00000, 0x000000070af00000|  0%| F|  |TAMS 0x000000070ae00000, 0x000000070ae00000| Untracked 
| 109|0x000000070af00000, 0x000000070af00000, 0x000000070b000000|  0%| F|  |TAMS 0x000000070af00000, 0x000000070af00000| Untracked 
| 110|0x000000070b000000, 0x000000070b000000, 0x000000070b100000|  0%| F|  |TAMS 0x000000070b000000, 0x000000070b000000| Untracked 
| 111|0x000000070b100000, 0x000000070b100000, 0x000000070b200000|  0%| F|  |TAMS 0x000000070b100000, 0x000000070b100000| Untracked 
| 112|0x000000070b200000, 0x000000070b200000, 0x000000070b300000|  0%| F|  |TAMS 0x000000070b200000, 0x000000070b200000| Untracked 
| 113|0x000000070b300000, 0x000000070b300000, 0x000000070b400000|  0%| F|  |TAMS 0x000000070b300000, 0x000000070b300000| Untracked 
| 114|0x000000070b400000, 0x000000070b400000, 0x000000070b500000|  0%| F|  |TAMS 0x000000070b400000, 0x000000070b400000| Untracked 
| 115|0x000000070b500000, 0x000000070b500000, 0x000000070b600000|  0%| F|  |TAMS 0x000000070b500000, 0x000000070b500000| Untracked 
| 116|0x000000070b600000, 0x000000070b600000, 0x000000070b700000|  0%| F|  |TAMS 0x000000070b600000, 0x000000070b600000| Untracked 
| 117|0x000000070b700000, 0x000000070b700000, 0x000000070b800000|  0%| F|  |TAMS 0x000000070b700000, 0x000000070b700000| Untracked 
| 118|0x000000070b800000, 0x000000070b800000, 0x000000070b900000|  0%| F|  |TAMS 0x000000070b800000, 0x000000070b800000| Untracked 
| 119|0x000000070b900000, 0x000000070b900000, 0x000000070ba00000|  0%| F|  |TAMS 0x000000070b900000, 0x000000070b900000| Untracked 
| 120|0x000000070ba00000, 0x000000070ba00000, 0x000000070bb00000|  0%| F|  |TAMS 0x000000070ba00000, 0x000000070ba00000| Untracked 
| 121|0x000000070bb00000, 0x000000070bb00000, 0x000000070bc00000|  0%| F|  |TAMS 0x000000070bb00000, 0x000000070bb00000| Untracked 
| 122|0x000000070bc00000, 0x000000070bc00000, 0x000000070bd00000|  0%| F|  |TAMS 0x000000070bc00000, 0x000000070bc00000| Untracked 
| 123|0x000000070bd00000, 0x000000070bd00000, 0x000000070be00000|  0%| F|  |TAMS 0x000000070bd00000, 0x000000070bd00000| Untracked 
| 124|0x000000070be00000, 0x000000070be00000, 0x000000070bf00000|  0%| F|  |TAMS 0x000000070be00000, 0x000000070be00000| Untracked 
| 125|0x000000070bf00000, 0x000000070bf84810, 0x000000070c000000| 51%| E|  |TAMS 0x000000070bf00000, 0x000000070bf00000| Complete 
| 126|0x000000070c000000, 0x000000070c100000, 0x000000070c100000|100%| E|CS|TAMS 0x000000070c000000, 0x000000070c000000| Complete 
| 127|0x000000070c100000, 0x000000070c200000, 0x000000070c200000|100%| E|CS|TAMS 0x000000070c100000, 0x000000070c100000| Complete 
| 128|0x000000070c200000, 0x000000070c300000, 0x000000070c300000|100%| E|CS|TAMS 0x000000070c200000, 0x000000070c200000| Complete 
| 129|0x000000070c300000, 0x000000070c400000, 0x000000070c400000|100%| E|CS|TAMS 0x000000070c300000, 0x000000070c300000| Complete 
| 130|0x000000070c400000, 0x000000070c500000, 0x000000070c500000|100%| E|CS|TAMS 0x000000070c400000, 0x000000070c400000| Complete 
| 131|0x000000070c500000, 0x000000070c600000, 0x000000070c600000|100%| E|CS|TAMS 0x000000070c500000, 0x000000070c500000| Complete 
| 132|0x000000070c600000, 0x000000070c700000, 0x000000070c700000|100%| E|CS|TAMS 0x000000070c600000, 0x000000070c600000| Complete 
| 133|0x000000070c700000, 0x000000070c800000, 0x000000070c800000|100%| E|CS|TAMS 0x000000070c700000, 0x000000070c700000| Complete 
| 134|0x000000070c800000, 0x000000070c900000, 0x000000070c900000|100%| E|CS|TAMS 0x000000070c800000, 0x000000070c800000| Complete 
| 135|0x000000070c900000, 0x000000070ca00000, 0x000000070ca00000|100%| E|CS|TAMS 0x000000070c900000, 0x000000070c900000| Complete 
| 136|0x000000070ca00000, 0x000000070cb00000, 0x000000070cb00000|100%| E|CS|TAMS 0x000000070ca00000, 0x000000070ca00000| Complete 
| 137|0x000000070cb00000, 0x000000070cc00000, 0x000000070cc00000|100%| E|CS|TAMS 0x000000070cb00000, 0x000000070cb00000| Complete 
| 138|0x000000070cc00000, 0x000000070cd00000, 0x000000070cd00000|100%| E|CS|TAMS 0x000000070cc00000, 0x000000070cc00000| Complete 
| 139|0x000000070cd00000, 0x000000070ce00000, 0x000000070ce00000|100%| E|CS|TAMS 0x000000070cd00000, 0x000000070cd00000| Complete 
| 140|0x000000070ce00000, 0x000000070cf00000, 0x000000070cf00000|100%| E|CS|TAMS 0x000000070ce00000, 0x000000070ce00000| Complete 
| 141|0x000000070cf00000, 0x000000070d000000, 0x000000070d000000|100%| E|CS|TAMS 0x000000070cf00000, 0x000000070cf00000| Complete 
| 142|0x000000070d000000, 0x000000070d100000, 0x000000070d100000|100%| E|CS|TAMS 0x000000070d000000, 0x000000070d000000| Complete 
| 143|0x000000070d100000, 0x000000070d200000, 0x000000070d200000|100%| E|CS|TAMS 0x000000070d100000, 0x000000070d100000| Complete 
| 144|0x000000070d200000, 0x000000070d300000, 0x000000070d300000|100%| E|CS|TAMS 0x000000070d200000, 0x000000070d200000| Complete 
| 145|0x000000070d300000, 0x000000070d400000, 0x000000070d400000|100%| E|CS|TAMS 0x000000070d300000, 0x000000070d300000| Complete 
| 146|0x000000070d400000, 0x000000070d500000, 0x000000070d500000|100%| E|CS|TAMS 0x000000070d400000, 0x000000070d400000| Complete 
| 147|0x000000070d500000, 0x000000070d600000, 0x000000070d600000|100%| E|CS|TAMS 0x000000070d500000, 0x000000070d500000| Complete 
| 148|0x000000070d600000, 0x000000070d700000, 0x000000070d700000|100%| E|CS|TAMS 0x000000070d600000, 0x000000070d600000| Complete 
| 149|0x000000070d700000, 0x000000070d800000, 0x000000070d800000|100%| E|CS|TAMS 0x000000070d700000, 0x000000070d700000| Complete 
| 150|0x000000070d800000, 0x000000070d900000, 0x000000070d900000|100%| E|CS|TAMS 0x000000070d800000, 0x000000070d800000| Complete 
| 151|0x000000070d900000, 0x000000070da00000, 0x000000070da00000|100%| E|CS|TAMS 0x000000070d900000, 0x000000070d900000| Complete 
| 152|0x000000070da00000, 0x000000070db00000, 0x000000070db00000|100%| E|CS|TAMS 0x000000070da00000, 0x000000070da00000| Complete 
| 153|0x000000070db00000, 0x000000070dc00000, 0x000000070dc00000|100%| E|CS|TAMS 0x000000070db00000, 0x000000070db00000| Complete 
| 154|0x000000070dc00000, 0x000000070dd00000, 0x000000070dd00000|100%| E|CS|TAMS 0x000000070dc00000, 0x000000070dc00000| Complete 
| 155|0x000000070dd00000, 0x000000070de00000, 0x000000070de00000|100%| E|CS|TAMS 0x000000070dd00000, 0x000000070dd00000| Complete 
| 156|0x000000070de00000, 0x000000070df00000, 0x000000070df00000|100%| E|CS|TAMS 0x000000070de00000, 0x000000070de00000| Complete 
| 157|0x000000070df00000, 0x000000070e000000, 0x000000070e000000|100%| E|CS|TAMS 0x000000070df00000, 0x000000070df00000| Complete 
| 158|0x000000070e000000, 0x000000070e100000, 0x000000070e100000|100%| E|CS|TAMS 0x000000070e000000, 0x000000070e000000| Complete 
| 159|0x000000070e100000, 0x000000070e200000, 0x000000070e200000|100%| E|CS|TAMS 0x000000070e100000, 0x000000070e100000| Complete 
| 160|0x000000070e200000, 0x000000070e300000, 0x000000070e300000|100%| E|CS|TAMS 0x000000070e200000, 0x000000070e200000| Complete 
| 161|0x000000070e300000, 0x000000070e400000, 0x000000070e400000|100%| E|CS|TAMS 0x000000070e300000, 0x000000070e300000| Complete 
| 162|0x000000070e400000, 0x000000070e500000, 0x000000070e500000|100%| E|CS|TAMS 0x000000070e400000, 0x000000070e400000| Complete 
| 163|0x000000070e500000, 0x000000070e600000, 0x000000070e600000|100%| E|CS|TAMS 0x000000070e500000, 0x000000070e500000| Complete 
| 164|0x000000070e600000, 0x000000070e700000, 0x000000070e700000|100%| E|CS|TAMS 0x000000070e600000, 0x000000070e600000| Complete 
| 165|0x000000070e700000, 0x000000070e800000, 0x000000070e800000|100%| E|CS|TAMS 0x000000070e700000, 0x000000070e700000| Complete 
| 166|0x000000070e800000, 0x000000070e900000, 0x000000070e900000|100%| E|CS|TAMS 0x000000070e800000, 0x000000070e800000| Complete 
| 167|0x000000070e900000, 0x000000070ea00000, 0x000000070ea00000|100%| E|CS|TAMS 0x000000070e900000, 0x000000070e900000| Complete 
| 168|0x000000070ea00000, 0x000000070eb00000, 0x000000070eb00000|100%| E|CS|TAMS 0x000000070ea00000, 0x000000070ea00000| Complete 
| 169|0x000000070eb00000, 0x000000070ec00000, 0x000000070ec00000|100%| E|CS|TAMS 0x000000070eb00000, 0x000000070eb00000| Complete 
| 170|0x000000070ec00000, 0x000000070ed00000, 0x000000070ed00000|100%| E|CS|TAMS 0x000000070ec00000, 0x000000070ec00000| Complete 
| 171|0x000000070ed00000, 0x000000070ee00000, 0x000000070ee00000|100%| E|CS|TAMS 0x000000070ed00000, 0x000000070ed00000| Complete 
| 172|0x000000070ee00000, 0x000000070ef00000, 0x000000070ef00000|100%| E|CS|TAMS 0x000000070ee00000, 0x000000070ee00000| Complete 
| 173|0x000000070ef00000, 0x000000070f000000, 0x000000070f000000|100%| E|CS|TAMS 0x000000070ef00000, 0x000000070ef00000| Complete 
| 174|0x000000070f000000, 0x000000070f100000, 0x000000070f100000|100%| E|CS|TAMS 0x000000070f000000, 0x000000070f000000| Complete 
| 175|0x000000070f100000, 0x000000070f200000, 0x000000070f200000|100%| E|CS|TAMS 0x000000070f100000, 0x000000070f100000| Complete 
| 176|0x000000070f200000, 0x000000070f300000, 0x000000070f300000|100%| E|CS|TAMS 0x000000070f200000, 0x000000070f200000| Complete 
| 177|0x000000070f300000, 0x000000070f400000, 0x000000070f400000|100%| E|CS|TAMS 0x000000070f300000, 0x000000070f300000| Complete 
| 178|0x000000070f400000, 0x000000070f500000, 0x000000070f500000|100%| E|CS|TAMS 0x000000070f400000, 0x000000070f400000| Complete 
| 179|0x000000070f500000, 0x000000070f600000, 0x000000070f600000|100%| E|CS|TAMS 0x000000070f500000, 0x000000070f500000| Complete 
| 180|0x000000070f600000, 0x000000070f700000, 0x000000070f700000|100%| E|CS|TAMS 0x000000070f600000, 0x000000070f600000| Complete 
| 181|0x000000070f700000, 0x000000070f800000, 0x000000070f800000|100%| E|CS|TAMS 0x000000070f700000, 0x000000070f700000| Complete 
| 182|0x000000070f800000, 0x000000070f900000, 0x000000070f900000|100%| E|CS|TAMS 0x000000070f800000, 0x000000070f800000| Complete 
| 183|0x000000070f900000, 0x000000070fa00000, 0x000000070fa00000|100%| E|CS|TAMS 0x000000070f900000, 0x000000070f900000| Complete 
| 184|0x000000070fa00000, 0x000000070fb00000, 0x000000070fb00000|100%| E|CS|TAMS 0x000000070fa00000, 0x000000070fa00000| Complete 
| 185|0x000000070fb00000, 0x000000070fc00000, 0x000000070fc00000|100%| E|CS|TAMS 0x000000070fb00000, 0x000000070fb00000| Complete 
| 186|0x000000070fc00000, 0x000000070fd00000, 0x000000070fd00000|100%| E|CS|TAMS 0x000000070fc00000, 0x000000070fc00000| Complete 
| 187|0x000000070fd00000, 0x000000070fe00000, 0x000000070fe00000|100%| E|CS|TAMS 0x000000070fd00000, 0x000000070fd00000| Complete 
| 188|0x000000070fe00000, 0x000000070ff00000, 0x000000070ff00000|100%| E|CS|TAMS 0x000000070fe00000, 0x000000070fe00000| Complete 
| 189|0x000000070ff00000, 0x0000000710000000, 0x0000000710000000|100%| E|CS|TAMS 0x000000070ff00000, 0x000000070ff00000| Complete 
| 190|0x0000000710000000, 0x0000000710100000, 0x0000000710100000|100%| E|CS|TAMS 0x0000000710000000, 0x0000000710000000| Complete 
| 191|0x0000000710100000, 0x0000000710200000, 0x0000000710200000|100%| E|CS|TAMS 0x0000000710100000, 0x0000000710100000| Complete 
| 192|0x0000000710200000, 0x0000000710300000, 0x0000000710300000|100%| E|CS|TAMS 0x0000000710200000, 0x0000000710200000| Complete 
| 193|0x0000000710300000, 0x0000000710400000, 0x0000000710400000|100%| E|CS|TAMS 0x0000000710300000, 0x0000000710300000| Complete 
| 194|0x0000000710400000, 0x0000000710500000, 0x0000000710500000|100%| E|CS|TAMS 0x0000000710400000, 0x0000000710400000| Complete 
| 195|0x0000000710500000, 0x0000000710600000, 0x0000000710600000|100%| E|CS|TAMS 0x0000000710500000, 0x0000000710500000| Complete 
| 196|0x0000000710600000, 0x0000000710700000, 0x0000000710700000|100%| E|CS|TAMS 0x0000000710600000, 0x0000000710600000| Complete 
| 197|0x0000000710700000, 0x0000000710800000, 0x0000000710800000|100%| E|CS|TAMS 0x0000000710700000, 0x0000000710700000| Complete 
| 198|0x0000000710800000, 0x0000000710900000, 0x0000000710900000|100%| E|CS|TAMS 0x0000000710800000, 0x0000000710800000| Complete 
| 199|0x0000000710900000, 0x0000000710a00000, 0x0000000710a00000|100%| E|CS|TAMS 0x0000000710900000, 0x0000000710900000| Complete 
| 200|0x0000000710a00000, 0x0000000710b00000, 0x0000000710b00000|100%| E|CS|TAMS 0x0000000710a00000, 0x0000000710a00000| Complete 
| 201|0x0000000710b00000, 0x0000000710c00000, 0x0000000710c00000|100%| E|CS|TAMS 0x0000000710b00000, 0x0000000710b00000| Complete 
| 202|0x0000000710c00000, 0x0000000710d00000, 0x0000000710d00000|100%| E|CS|TAMS 0x0000000710c00000, 0x0000000710c00000| Complete 
| 203|0x0000000710d00000, 0x0000000710e00000, 0x0000000710e00000|100%| E|CS|TAMS 0x0000000710d00000, 0x0000000710d00000| Complete 
| 204|0x0000000710e00000, 0x0000000710f00000, 0x0000000710f00000|100%| E|CS|TAMS 0x0000000710e00000, 0x0000000710e00000| Complete 
| 205|0x0000000710f00000, 0x0000000711000000, 0x0000000711000000|100%| E|CS|TAMS 0x0000000710f00000, 0x0000000710f00000| Complete 
| 206|0x0000000711000000, 0x0000000711100000, 0x0000000711100000|100%| E|CS|TAMS 0x0000000711000000, 0x0000000711000000| Complete 
| 207|0x0000000711100000, 0x0000000711200000, 0x0000000711200000|100%| E|CS|TAMS 0x0000000711100000, 0x0000000711100000| Complete 
| 208|0x0000000711200000, 0x0000000711300000, 0x0000000711300000|100%| E|CS|TAMS 0x0000000711200000, 0x0000000711200000| Complete 
| 209|0x0000000711300000, 0x0000000711400000, 0x0000000711400000|100%| E|CS|TAMS 0x0000000711300000, 0x0000000711300000| Complete 
| 210|0x0000000711400000, 0x0000000711500000, 0x0000000711500000|100%| E|CS|TAMS 0x0000000711400000, 0x0000000711400000| Complete 
| 211|0x0000000711500000, 0x0000000711600000, 0x0000000711600000|100%| E|CS|TAMS 0x0000000711500000, 0x0000000711500000| Complete 
| 212|0x0000000711600000, 0x0000000711700000, 0x0000000711700000|100%| E|CS|TAMS 0x0000000711600000, 0x0000000711600000| Complete 
| 213|0x0000000711700000, 0x0000000711800000, 0x0000000711800000|100%| E|CS|TAMS 0x0000000711700000, 0x0000000711700000| Complete 
| 214|0x0000000711800000, 0x0000000711900000, 0x0000000711900000|100%| E|CS|TAMS 0x0000000711800000, 0x0000000711800000| Complete 
| 215|0x0000000711900000, 0x0000000711a00000, 0x0000000711a00000|100%| E|CS|TAMS 0x0000000711900000, 0x0000000711900000| Complete 
| 216|0x0000000711a00000, 0x0000000711b00000, 0x0000000711b00000|100%| E|CS|TAMS 0x0000000711a00000, 0x0000000711a00000| Complete 
| 217|0x0000000711b00000, 0x0000000711c00000, 0x0000000711c00000|100%| E|CS|TAMS 0x0000000711b00000, 0x0000000711b00000| Complete 
| 218|0x0000000711c00000, 0x0000000711d00000, 0x0000000711d00000|100%| E|CS|TAMS 0x0000000711c00000, 0x0000000711c00000| Complete 
| 219|0x0000000711d00000, 0x0000000711e00000, 0x0000000711e00000|100%| E|CS|TAMS 0x0000000711d00000, 0x0000000711d00000| Complete 
| 220|0x0000000711e00000, 0x0000000711f00000, 0x0000000711f00000|100%| E|CS|TAMS 0x0000000711e00000, 0x0000000711e00000| Complete 
| 221|0x0000000711f00000, 0x0000000712000000, 0x0000000712000000|100%| E|CS|TAMS 0x0000000711f00000, 0x0000000711f00000| Complete 
| 222|0x0000000712000000, 0x0000000712100000, 0x0000000712100000|100%| E|CS|TAMS 0x0000000712000000, 0x0000000712000000| Complete 
| 223|0x0000000712100000, 0x0000000712200000, 0x0000000712200000|100%| E|CS|TAMS 0x0000000712100000, 0x0000000712100000| Complete 
| 224|0x0000000712200000, 0x0000000712300000, 0x0000000712300000|100%| E|CS|TAMS 0x0000000712200000, 0x0000000712200000| Complete 
| 225|0x0000000712300000, 0x0000000712400000, 0x0000000712400000|100%| S|CS|TAMS 0x0000000712300000, 0x0000000712300000| Complete 
| 226|0x0000000712400000, 0x0000000712500000, 0x0000000712500000|100%| S|CS|TAMS 0x0000000712400000, 0x0000000712400000| Complete 
| 227|0x0000000712500000, 0x0000000712600000, 0x0000000712600000|100%| S|CS|TAMS 0x0000000712500000, 0x0000000712500000| Complete 
| 228|0x0000000712600000, 0x0000000712700000, 0x0000000712700000|100%| E|CS|TAMS 0x0000000712600000, 0x0000000712600000| Complete 
| 229|0x0000000712700000, 0x0000000712800000, 0x0000000712800000|100%| E|CS|TAMS 0x0000000712700000, 0x0000000712700000| Complete 
| 230|0x0000000712800000, 0x0000000712900000, 0x0000000712900000|100%| E|  |TAMS 0x0000000712800000, 0x0000000712800000| Complete 
| 231|0x0000000712900000, 0x0000000712a00000, 0x0000000712a00000|100%| E|CS|TAMS 0x0000000712900000, 0x0000000712900000| Complete 
| 232|0x0000000712a00000, 0x0000000712b00000, 0x0000000712b00000|100%| E|CS|TAMS 0x0000000712a00000, 0x0000000712a00000| Complete 
| 233|0x0000000712b00000, 0x0000000712c00000, 0x0000000712c00000|100%| E|CS|TAMS 0x0000000712b00000, 0x0000000712b00000| Complete 
| 234|0x0000000712c00000, 0x0000000712d00000, 0x0000000712d00000|100%| E|CS|TAMS 0x0000000712c00000, 0x0000000712c00000| Complete 
| 235|0x0000000712d00000, 0x0000000712e00000, 0x0000000712e00000|100%| E|CS|TAMS 0x0000000712d00000, 0x0000000712d00000| Complete 
| 236|0x0000000712e00000, 0x0000000712f00000, 0x0000000712f00000|100%| E|CS|TAMS 0x0000000712e00000, 0x0000000712e00000| Complete 
| 237|0x0000000712f00000, 0x0000000713000000, 0x0000000713000000|100%| E|CS|TAMS 0x0000000712f00000, 0x0000000712f00000| Complete 
| 238|0x0000000713000000, 0x0000000713100000, 0x0000000713100000|100%| E|CS|TAMS 0x0000000713000000, 0x0000000713000000| Complete 
| 239|0x0000000713100000, 0x0000000713200000, 0x0000000713200000|100%| E|CS|TAMS 0x0000000713100000, 0x0000000713100000| Complete 
| 240|0x0000000713200000, 0x0000000713300000, 0x0000000713300000|100%| E|CS|TAMS 0x0000000713200000, 0x0000000713200000| Complete 
| 241|0x0000000713300000, 0x0000000713400000, 0x0000000713400000|100%| E|CS|TAMS 0x0000000713300000, 0x0000000713300000| Complete 
| 242|0x0000000713400000, 0x0000000713500000, 0x0000000713500000|100%| E|CS|TAMS 0x0000000713400000, 0x0000000713400000| Complete 
| 243|0x0000000713500000, 0x0000000713600000, 0x0000000713600000|100%| E|CS|TAMS 0x0000000713500000, 0x0000000713500000| Complete 
| 244|0x0000000713600000, 0x0000000713700000, 0x0000000713700000|100%| E|CS|TAMS 0x0000000713600000, 0x0000000713600000| Complete 
| 245|0x0000000713700000, 0x0000000713800000, 0x0000000713800000|100%| E|CS|TAMS 0x0000000713700000, 0x0000000713700000| Complete 
| 246|0x0000000713800000, 0x0000000713900000, 0x0000000713900000|100%| E|CS|TAMS 0x0000000713800000, 0x0000000713800000| Complete 
| 247|0x0000000713900000, 0x0000000713a00000, 0x0000000713a00000|100%| E|CS|TAMS 0x0000000713900000, 0x0000000713900000| Complete 
| 248|0x0000000713a00000, 0x0000000713b00000, 0x0000000713b00000|100%| E|CS|TAMS 0x0000000713a00000, 0x0000000713a00000| Complete 
| 249|0x0000000713b00000, 0x0000000713c00000, 0x0000000713c00000|100%| E|CS|TAMS 0x0000000713b00000, 0x0000000713b00000| Complete 
| 250|0x0000000713c00000, 0x0000000713d00000, 0x0000000713d00000|100%| E|CS|TAMS 0x0000000713c00000, 0x0000000713c00000| Complete 
| 251|0x0000000713d00000, 0x0000000713e00000, 0x0000000713e00000|100%| E|CS|TAMS 0x0000000713d00000, 0x0000000713d00000| Complete 

Card table byte_map: [0x000001a41df60000,0x000001a41e740000] _byte_map_base: 0x000001a41a73f000

Marking Bits (Prev, Next): (CMBitMap*) 0x000001a404d8cdd8, (CMBitMap*) 0x000001a404d8ce10
 Prev Bits: [0x000001a41ef20000, 0x000001a422e18000)
 Next Bits: [0x000001a422e20000, 0x000001a426d18000)

Polling page: 0x000001a402bd0000

Metaspace:

Usage:
  Non-class:     17.02 MB capacity,    16.78 MB ( 99%) used,   211.59 KB (  1%) free+waste,    34.31 KB ( <1%) overhead. 
      Class:      1.88 MB capacity,     1.80 MB ( 95%) used,    74.59 KB (  4%) free+waste,    14.56 KB ( <1%) overhead. 
       Both:     18.90 MB capacity,    18.57 MB ( 98%) used,   286.18 KB (  1%) free+waste,    48.88 KB ( <1%) overhead. 

Virtual space:
  Non-class space:       18.00 MB reserved,      17.25 MB ( 96%) committed 
      Class space:        1.00 GB reserved,       2.00 MB ( <1%) committed 
             Both:        1.02 GB reserved,      19.25 MB (  2%) committed 

Chunk freelists:
   Non-Class:  0 bytes
       Class:  0 bytes
        Both:  0 bytes

MaxMetaspaceSize: 17179869184.00 GB
CompressedClassSpaceSize: 1.00 GB
Initial GC threshold: 20.80 MB
Current GC threshold: 20.80 MB
CDS: off

CodeHeap 'non-profiled nmethods': size=118912Kb used=838Kb max_used=838Kb free=118073Kb
 bounds [0x000001a415030000, 0x000001a4152a0000, 0x000001a41c450000]
CodeHeap 'profiled nmethods': size=118848Kb used=5849Kb max_used=5849Kb free=112998Kb
 bounds [0x000001a40dc20000, 0x000001a40e1e0000, 0x000001a415030000]
CodeHeap 'non-nmethods': size=8000Kb used=3431Kb max_used=3457Kb free=4568Kb
 bounds [0x000001a40d450000, 0x000001a40d7c0000, 0x000001a40dc20000]
 total_blobs=3105 nmethods=2665 adapters=348
 compilation: enabled
              stopped_count=0, restarted_count=0
 full_count=0

Compilation events (20 events):
Event: 0.826 Thread 0x000001a42bb2a000 2713       2       com.sun.org.apache.xerces.internal.parsers.XML11Configuration::checkFeature (274 bytes)
Event: 0.827 Thread 0x000001a42bb2a000 nmethod 2713 0x000001a40e1c6b10 code [0x000001a40e1c6dc0, 0x000001a40e1c7528]
Event: 0.834 Thread 0x000001a42b372000 2714       2       com.sun.org.apache.xerces.internal.impl.XMLDocumentFragmentScannerImpl$FragmentContentDriver::startOfMarkup (280 bytes)
Event: 0.834 Thread 0x000001a42b372000 nmethod 2714 0x000001a40e1c7a90 code [0x000001a40e1c7d20, 0x000001a40e1c82e8]
Event: 0.838 Thread 0x000001a42a478800 2715       2       com.android.sdklib.repository.generated.common.v3.IdDisplayType::<init> (5 bytes)
Event: 0.838 Thread 0x000001a42bc2b800 2716       2       com.android.sdklib.repository.IdDisplay::<init> (5 bytes)
Event: 0.838 Thread 0x000001a42a478800 nmethod 2715 0x000001a40e1c8790 code [0x000001a40e1c8940, 0x000001a40e1c8a38]
Event: 0.838 Thread 0x000001a42bc2b800 nmethod 2716 0x000001a40e1c8b10 code [0x000001a40e1c8cc0, 0x000001a40e1c8db8]
Event: 0.839 Thread 0x000001a42bc2c800 2717       2       java.util.Arrays$ArrayList::toArray (15 bytes)
Event: 0.839 Thread 0x000001a42bb2a000 2718       2       com.sun.org.apache.xerces.internal.impl.XMLEntityManager::getPropertyDefault (36 bytes)
Event: 0.839 Thread 0x000001a42bc2c800 nmethod 2717 0x000001a40e1c8e90 code [0x000001a40e1c9040, 0x000001a40e1c9168]
Event: 0.839 Thread 0x000001a42bb2a000 nmethod 2718 0x000001a40e1c9210 code [0x000001a40e1c93e0, 0x000001a40e1c9608]
Event: 0.845 Thread 0x000001a42b372000 2724   !   2       jdk.internal.reflect.GeneratedConstructorAccessor17::newInstance (49 bytes)
Event: 0.846 Thread 0x000001a42b372000 nmethod 2724 0x000001a40e1c9790 code [0x000001a40e1c9980, 0x000001a40e1c9ca8]
Event: 0.846 Thread 0x000001a42bc2b800 2725       2       java.util.Formatter$Conversion::isText (32 bytes)
Event: 0.846 Thread 0x000001a42bc2b800 nmethod 2725 0x000001a40e1c9e90 code [0x000001a40e1ca040, 0x000001a40e1ca138]
Event: 0.846 Thread 0x000001a42bc2c800 2726       2       com.sun.org.apache.xerces.internal.impl.XMLDocumentScannerImpl::getPropertyDefault (40 bytes)
Event: 0.846 Thread 0x000001a42bb2a000 2727       2       com.sun.org.apache.xerces.internal.util.ParserConfigurationSettings::getProperty (20 bytes)
Event: 0.846 Thread 0x000001a42bc2c800 nmethod 2726 0x000001a40e1ca210 code [0x000001a40e1ca3e0, 0x000001a40e1ca638]
Event: 0.846 Thread 0x000001a42bb2a000 nmethod 2727 0x000001a40e1ca810 code [0x000001a40e1ca9c0, 0x000001a40e1cab28]

GC Heap History (2 events):
Event: 0.439 GC heap before
{Heap before GC invocations=0 (full 0):
 garbage-first heap   total 258048K, used 24576K [0x0000000704200000, 0x0000000800000000)
  region size 1024K, 24 young (24576K), 0 survivors (0K)
 Metaspace       used 15070K, capacity 15296K, committed 15360K, reserved 1062912K
  class space    used 1396K, capacity 1479K, committed 1536K, reserved 1048576K
}
Event: 0.443 GC heap after
{Heap after GC invocations=1 (full 0):
 garbage-first heap   total 258048K, used 3783K [0x0000000704200000, 0x0000000800000000)
  region size 1024K, 3 young (3072K), 3 survivors (3072K)
 Metaspace       used 15070K, capacity 15296K, committed 15360K, reserved 1062912K
  class space    used 1396K, capacity 1479K, committed 1536K, reserved 1048576K
}

Deoptimization events (20 events):
Event: 0.722 Thread 0x000001a404d21800 DEOPT PACKING pc=0x000001a40e1476f4 sp=0x0000004fb6ffe520
Event: 0.722 Thread 0x000001a404d21800 DEOPT UNPACKING pc=0x000001a40d49a95e sp=0x0000004fb6ffd9e0 mode 0
Event: 0.724 Thread 0x000001a404d21800 DEOPT PACKING pc=0x000001a40e1476f4 sp=0x0000004fb6ffe5f0
Event: 0.724 Thread 0x000001a404d21800 DEOPT UNPACKING pc=0x000001a40d49a95e sp=0x0000004fb6ffdab0 mode 0
Event: 0.724 Thread 0x000001a404d21800 DEOPT PACKING pc=0x000001a40e1476f4 sp=0x0000004fb6ffe5f0
Event: 0.724 Thread 0x000001a404d21800 DEOPT UNPACKING pc=0x000001a40d49a95e sp=0x0000004fb6ffdab0 mode 0
Event: 0.725 Thread 0x000001a404d21800 DEOPT PACKING pc=0x000001a40e1476f4 sp=0x0000004fb6ffe520
Event: 0.725 Thread 0x000001a404d21800 DEOPT UNPACKING pc=0x000001a40d49a95e sp=0x0000004fb6ffd9e0 mode 0
Event: 0.725 Thread 0x000001a404d21800 DEOPT PACKING pc=0x000001a40e1476f4 sp=0x0000004fb6ffe5f0
Event: 0.725 Thread 0x000001a404d21800 DEOPT UNPACKING pc=0x000001a40d49a95e sp=0x0000004fb6ffdab0 mode 0
Event: 0.727 Thread 0x000001a404d21800 DEOPT PACKING pc=0x000001a40e1476f4 sp=0x0000004fb6ffe520
Event: 0.727 Thread 0x000001a404d21800 DEOPT UNPACKING pc=0x000001a40d49a95e sp=0x0000004fb6ffd9e0 mode 0
Event: 0.727 Thread 0x000001a404d21800 DEOPT PACKING pc=0x000001a40e1476f4 sp=0x0000004fb6ffe520
Event: 0.727 Thread 0x000001a404d21800 DEOPT UNPACKING pc=0x000001a40d49a95e sp=0x0000004fb6ffd9e0 mode 0
Event: 0.727 Thread 0x000001a404d21800 DEOPT PACKING pc=0x000001a40e1476f4 sp=0x0000004fb6ffe520
Event: 0.727 Thread 0x000001a404d21800 DEOPT UNPACKING pc=0x000001a40d49a95e sp=0x0000004fb6ffd9e0 mode 0
Event: 0.728 Thread 0x000001a404d21800 DEOPT PACKING pc=0x000001a40e1476f4 sp=0x0000004fb6ffe520
Event: 0.728 Thread 0x000001a404d21800 DEOPT UNPACKING pc=0x000001a40d49a95e sp=0x0000004fb6ffd9e0 mode 0
Event: 0.728 Thread 0x000001a404d21800 DEOPT PACKING pc=0x000001a40e1476f4 sp=0x0000004fb6ffe520
Event: 0.728 Thread 0x000001a404d21800 DEOPT UNPACKING pc=0x000001a40d49a95e sp=0x0000004fb6ffd9e0 mode 0

Classes redefined (0 events):
No events

Internal exceptions (20 events):
Event: 0.407 Thread 0x000001a404d21800 Exception <a 'sun/nio/fs/WindowsException'{0x000000071282afe0}> (0x000000071282afe0) thrown at [./src/hotspot/share/prims/jni.cpp, line 616]
Event: 0.409 Thread 0x000001a404d21800 Exception <a 'sun/nio/fs/WindowsException'{0x0000000712866038}> (0x0000000712866038) thrown at [./src/hotspot/share/prims/jni.cpp, line 616]
Event: 0.410 Thread 0x000001a404d21800 Exception <a 'sun/nio/fs/WindowsException'{0x000000071286f948}> (0x000000071286f948) thrown at [./src/hotspot/share/prims/jni.cpp, line 616]
Event: 0.410 Thread 0x000001a404d21800 Exception <a 'sun/nio/fs/WindowsException'{0x000000071286fd68}> (0x000000071286fd68) thrown at [./src/hotspot/share/prims/jni.cpp, line 616]
Event: 0.411 Thread 0x000001a404d21800 Exception <a 'sun/nio/fs/WindowsException'{0x00000007128ab030}> (0x00000007128ab030) thrown at [./src/hotspot/share/prims/jni.cpp, line 616]
Event: 0.411 Thread 0x000001a404d21800 Exception <a 'sun/nio/fs/WindowsException'{0x00000007128b48f0}> (0x00000007128b48f0) thrown at [./src/hotspot/share/prims/jni.cpp, line 616]
Event: 0.411 Thread 0x000001a404d21800 Exception <a 'sun/nio/fs/WindowsException'{0x00000007128b4cb0}> (0x00000007128b4cb0) thrown at [./src/hotspot/share/prims/jni.cpp, line 616]
Event: 0.412 Thread 0x000001a404d21800 Exception <a 'sun/nio/fs/WindowsException'{0x00000007128b9b58}> (0x00000007128b9b58) thrown at [./src/hotspot/share/prims/jni.cpp, line 616]
Event: 0.413 Thread 0x000001a404d21800 Exception <a 'sun/nio/fs/WindowsException'{0x00000007128c14b0}> (0x00000007128c14b0) thrown at [./src/hotspot/share/prims/jni.cpp, line 616]
Event: 0.413 Thread 0x000001a404d21800 Exception <a 'sun/nio/fs/WindowsException'{0x00000007128c1860}> (0x00000007128c1860) thrown at [./src/hotspot/share/prims/jni.cpp, line 616]
Event: 0.413 Thread 0x000001a404d21800 Exception <a 'sun/nio/fs/WindowsException'{0x00000007128c1fc8}> (0x00000007128c1fc8) thrown at [./src/hotspot/share/prims/jni.cpp, line 616]
Event: 0.413 Thread 0x000001a404d21800 Exception <a 'sun/nio/fs/WindowsException'{0x00000007128c2538}> (0x00000007128c2538) thrown at [./src/hotspot/share/prims/jni.cpp, line 616]
Event: 0.422 Thread 0x000001a404d21800 Exception <a 'java/lang/NoSuchMethodError'{0x0000000712740690}: 'int java.lang.invoke.DirectMethodHandle$Holder.invokeSpecialIFC(java.lang.Object, java.lang.Object, int)'> (0x0000000712740690) thrown at [./src/hotspot/share/interpreter/linkResolver.cpp, line 773]
Event: 0.454 Thread 0x000001a404d21800 Exception <a 'java/lang/NullPointerException'{0x0000000713c9d090}> (0x0000000713c9d090) thrown at [./src/hotspot/share/interpreter/linkResolver.cpp, line 1440]
Event: 0.524 Thread 0x000001a404d21800 Exception <a 'java/lang/NoSuchMethodError'{0x00000007133b69a8}: 'int java.lang.invoke.DirectMethodHandle$Holder.invokeStatic(java.lang.Object, java.lang.Object, int, java.lang.Object)'> (0x00000007133b69a8) thrown at [./src/hotspot/share/interpreter/linkResolver.cpp, line 773]
Event: 0.524 Thread 0x000001a404d21800 Exception <a 'java/lang/NoSuchMethodError'{0x00000007133bd518}: 'java.lang.Object java.lang.invoke.Invokers$Holder.linkToTargetMethod(java.lang.Object, int, java.lang.Object)'> (0x00000007133bd518) thrown at [./src/hotspot/share/interpreter/linkResolver.cpp, line 773]
Event: 0.535 Thread 0x000001a404d21800 Exception <a 'sun/nio/fs/WindowsException'{0x000000071321dc50}> (0x000000071321dc50) thrown at [./src/hotspot/share/prims/jni.cpp, line 616]
Event: 0.536 Thread 0x000001a404d21800 Exception <a 'java/lang/NoSuchMethodError'{0x000000071321e988}: 'int java.lang.invoke.DirectMethodHandle$Holder.invokeInterface(java.lang.Object, java.lang.Object)'> (0x000000071321e988) thrown at [./src/hotspot/share/interpreter/linkResolver.cpp, line 773]
Event: 0.537 Thread 0x000001a404d21800 Exception <a 'java/lang/NoSuchMethodError'{0x00000007132280f8}: 'void java.lang.invoke.DirectMethodHandle$Holder.invokeStatic(java.lang.Object, int, java.lang.Object)'> (0x00000007132280f8) thrown at [./src/hotspot/share/interpreter/linkResolver.cpp, line 773]
Event: 0.540 Thread 0x000001a404d21800 Exception <a 'java/lang/NoSuchMethodError'{0x0000000713239d58}: 'java.lang.Object java.lang.invoke.Invokers$Holder.linkToTargetMethod(java.lang.Object, java.lang.Object, java.lang.Object, java.lang.Object, java.lang.Object, java.lang.Object)'> (0x0000000713239d58) thrown at [./src/hotspot/share/interpreter/linkResolver.cpp, line 773]

Events (20 events):
Event: 0.786 loading class com/android/sdklib/repository/generated/addon/v1/MavenType
Event: 0.786 loading class com/android/sdklib/repository/generated/addon/v1/MavenType done
Event: 0.786 loading class com/android/sdklib/repository/meta/DetailsTypes$MavenType
Event: 0.786 loading class com/android/sdklib/repository/meta/DetailsTypes$MavenType done
Event: 0.794 loading class com/android/sdklib/repository/generated/addon/v2/AddonDetailsType
Event: 0.794 loading class com/android/sdklib/repository/generated/addon/v2/AddonDetailsType done
Event: 0.794 loading class com/android/sdklib/repository/generated/addon/v2/ExtraDetailsType
Event: 0.794 loading class com/android/sdklib/repository/generated/addon/v2/ExtraDetailsType done
Event: 0.794 loading class com/android/sdklib/repository/generated/addon/v2/MavenType
Event: 0.794 loading class com/android/sdklib/repository/generated/addon/v2/MavenType done
Event: 0.794 Executing VM operation: ICBufferFull
Event: 0.795 Executing VM operation: ICBufferFull done
Event: 0.800 loading class com/android/sdklib/repository/generated/addon/v3/AddonDetailsType
Event: 0.800 loading class com/android/sdklib/repository/generated/addon/v3/AddonDetailsType done
Event: 0.800 loading class com/android/sdklib/repository/generated/addon/v3/ExtraDetailsType
Event: 0.800 loading class com/android/sdklib/repository/generated/addon/v3/ExtraDetailsType done
Event: 0.800 loading class com/android/sdklib/repository/generated/addon/v3/MavenType
Event: 0.800 loading class com/android/sdklib/repository/generated/addon/v3/MavenType done
Event: 0.825 loading class com/android/repository/api/ProgressIndicator
Event: 0.825 loading class com/android/repository/api/ProgressIndicator done


Dynamic libraries:
0x00007ff698b50000 - 0x00007ff698b5d000 	C:\Program Files\Unity\Hub\Editor\2022.3.17f1\Editor\Data\PlaybackEngines\AndroidPlayer\OpenJDK\bin\java.exe
0x00007ff9a30d0000 - 0x00007ff9a32e6000 	C:\WINDOWS\SYSTEM32\ntdll.dll
0x00007ff9a1fc0000 - 0x00007ff9a2084000 	C:\WINDOWS\System32\KERNEL32.DLL
0x00007ff9a0600000 - 0x00007ff9a09a7000 	C:\WINDOWS\System32\KERNELBASE.dll
0x00007ff9a0ce0000 - 0x00007ff9a0df1000 	C:\WINDOWS\System32\ucrtbase.dll
0x00007ff958dc0000 - 0x00007ff958dd7000 	C:\Program Files\Unity\Hub\Editor\2022.3.17f1\Editor\Data\PlaybackEngines\AndroidPlayer\OpenJDK\bin\jli.dll
0x00007ff942340000 - 0x00007ff942355000 	C:\Program Files\Unity\Hub\Editor\2022.3.17f1\Editor\Data\PlaybackEngines\AndroidPlayer\OpenJDK\bin\VCRUNTIME140.dll
0x00007ff9a1d90000 - 0x00007ff9a1f3e000 	C:\WINDOWS\System32\USER32.dll
0x00007ff99f650000 - 0x00007ff99f8e3000 	C:\WINDOWS\WinSxS\amd64_microsoft.windows.common-controls_6595b64144ccf1df_6.0.22621.3235_none_270f74e173860f98\COMCTL32.dll
0x00007ff9a0c30000 - 0x00007ff9a0c56000 	C:\WINDOWS\System32\win32u.dll
0x00007ff9a2290000 - 0x00007ff9a2337000 	C:\WINDOWS\System32\msvcrt.dll
0x00007ff9a2fe0000 - 0x00007ff9a3009000 	C:\WINDOWS\System32\GDI32.dll
0x00007ff9a0a70000 - 0x00007ff9a0b89000 	C:\WINDOWS\System32\gdi32full.dll
0x00007ff9a0560000 - 0x00007ff9a05fa000 	C:\WINDOWS\System32\msvcp_win.dll
0x00007ff9a2250000 - 0x00007ff9a2281000 	C:\WINDOWS\System32\IMM32.DLL
0x00007ff935910000 - 0x00007ff9359ab000 	C:\Program Files\Unity\Hub\Editor\2022.3.17f1\Editor\Data\PlaybackEngines\AndroidPlayer\OpenJDK\bin\msvcp140.dll
0x00007ff88a8b0000 - 0x00007ff88b431000 	C:\Program Files\Unity\Hub\Editor\2022.3.17f1\Editor\Data\PlaybackEngines\AndroidPlayer\OpenJDK\bin\server\jvm.dll
0x00007ff9a2590000 - 0x00007ff9a2642000 	C:\WINDOWS\System32\ADVAPI32.dll
0x00007ff9a1ce0000 - 0x00007ff9a1d88000 	C:\WINDOWS\System32\sechost.dll
0x00007ff9a0b90000 - 0x00007ff9a0bb8000 	C:\WINDOWS\System32\bcrypt.dll
0x00007ff9a2470000 - 0x00007ff9a2585000 	C:\WINDOWS\System32\RPCRT4.dll
0x00007ff9a3080000 - 0x00007ff9a3088000 	C:\WINDOWS\System32\PSAPI.DLL
0x00007ff9967b0000 - 0x00007ff9967b9000 	C:\WINDOWS\SYSTEM32\WSOCK32.dll
0x00007ff99a320000 - 0x00007ff99a32a000 	C:\WINDOWS\SYSTEM32\VERSION.dll
0x00007ff9a1f40000 - 0x00007ff9a1fb1000 	C:\WINDOWS\System32\WS2_32.dll
0x00007ff9961e0000 - 0x00007ff996214000 	C:\WINDOWS\SYSTEM32\WINMM.dll
0x00007ff99ed90000 - 0x00007ff99eda8000 	C:\WINDOWS\SYSTEM32\kernel.appcore.dll
0x00007ff994a30000 - 0x00007ff994a40000 	C:\Program Files\Unity\Hub\Editor\2022.3.17f1\Editor\Data\PlaybackEngines\AndroidPlayer\OpenJDK\bin\verify.dll
0x00007ff99fd60000 - 0x00007ff99ff93000 	C:\WINDOWS\SYSTEM32\DBGHELP.DLL
0x00007ff9a27b0000 - 0x00007ff9a2b38000 	C:\WINDOWS\System32\combase.dll
0x00007ff9a0ff0000 - 0x00007ff9a10c7000 	C:\WINDOWS\System32\OLEAUT32.dll
0x00007ff99fc00000 - 0x00007ff99fc32000 	C:\WINDOWS\SYSTEM32\dbgcore.DLL
0x00007ff9a0c60000 - 0x00007ff9a0cd9000 	C:\WINDOWS\System32\bcryptPrimitives.dll
0x00007ff9414f0000 - 0x00007ff941518000 	C:\Program Files\Unity\Hub\Editor\2022.3.17f1\Editor\Data\PlaybackEngines\AndroidPlayer\OpenJDK\bin\java.dll
0x00007ff98e2b0000 - 0x00007ff98e2ba000 	C:\Program Files\Unity\Hub\Editor\2022.3.17f1\Editor\Data\PlaybackEngines\AndroidPlayer\OpenJDK\bin\jimage.dll
0x00007ff940590000 - 0x00007ff9405a8000 	C:\Program Files\Unity\Hub\Editor\2022.3.17f1\Editor\Data\PlaybackEngines\AndroidPlayer\OpenJDK\bin\zip.dll
0x00007ff9a11e0000 - 0x00007ff9a1a3c000 	C:\WINDOWS\System32\SHELL32.dll
0x00007ff99dc30000 - 0x00007ff99e529000 	C:\WINDOWS\SYSTEM32\windows.storage.dll
0x00007ff99daf0000 - 0x00007ff99dc2e000 	C:\WINDOWS\SYSTEM32\wintypes.dll
0x00007ff9a10e0000 - 0x00007ff9a11d3000 	C:\WINDOWS\System32\SHCORE.dll
0x00007ff9a1a50000 - 0x00007ff9a1aae000 	C:\WINDOWS\System32\shlwapi.dll
0x00007ff9a0320000 - 0x00007ff9a0341000 	C:\WINDOWS\SYSTEM32\profapi.dll
0x00007ff939e40000 - 0x00007ff939e59000 	C:\Program Files\Unity\Hub\Editor\2022.3.17f1\Editor\Data\PlaybackEngines\AndroidPlayer\OpenJDK\bin\net.dll
0x00007ff996db0000 - 0x00007ff996ee6000 	C:\WINDOWS\SYSTEM32\WINHTTP.dll
0x00007ff99f1c0000 - 0x00007ff99f229000 	C:\WINDOWS\system32\mswsock.dll
0x00007ff939c10000 - 0x00007ff939c23000 	C:\Program Files\Unity\Hub\Editor\2022.3.17f1\Editor\Data\PlaybackEngines\AndroidPlayer\OpenJDK\bin\nio.dll

dbghelp: loaded successfully - version: 4.0.5 - missing functions: none
symbol engine: initialized successfully - sym options: 0x614 - pdb path: .;C:\Program Files\Unity\Hub\Editor\2022.3.17f1\Editor\Data\PlaybackEngines\AndroidPlayer\OpenJDK\bin;C:\WINDOWS\SYSTEM32;C:\WINDOWS\WinSxS\amd64_microsoft.windows.common-controls_6595b64144ccf1df_6.0.22621.3235_none_270f74e173860f98;C:\Program Files\Unity\Hub\Editor\2022.3.17f1\Editor\Data\PlaybackEngines\AndroidPlayer\OpenJDK\bin\server

VM Arguments:
jvm_args: -Dfile.encoding=UTF-8 -Dcom.android.sdklib.toolsdir=C:\Program Files\Unity\Hub\Editor\2022.3.17f1\Editor\Data\PlaybackEngines\AndroidPlayer\SDK\cmdline-tools\6.0\bin\\.. 
java_command: com.android.sdklib.tool.sdkmanager.SdkManagerCli --list
java_class_path (initial): C:\Program Files\Unity\Hub\Editor\2022.3.17f1\Editor\Data\PlaybackEngines\AndroidPlayer\SDK\cmdline-tools\6.0\bin\..\lib\sdkmanager-classpath.jar
Launcher Type: SUN_STANDARD

[Global flags]
     intx CICompilerCount                          = 15                                        {product} {ergonomic}
     uint ConcGCThreads                            = 6                                         {product} {ergonomic}
     uint G1ConcRefinementThreads                  = 23                                        {product} {ergonomic}
   size_t G1HeapRegionSize                         = 1048576                                   {product} {ergonomic}
    uintx GCDrainStackTargetSize                   = 64                                        {product} {ergonomic}
   size_t InitialHeapSize                          = 264241152                                 {product} {ergonomic}
   size_t MarkStackSize                            = 4194304                                   {product} {ergonomic}
   size_t MaxHeapSize                              = 4225761280                                {product} {ergonomic}
   size_t MaxNewSize                               = 2535456768                                {product} {ergonomic}
   size_t MinHeapDeltaBytes                        = 1048576                                   {product} {ergonomic}
    uintx NonNMethodCodeHeapSize                   = 8182140                                {pd product} {ergonomic}
    uintx NonProfiledCodeHeapSize                  = 121738050                              {pd product} {ergonomic}
    uintx ProfiledCodeHeapSize                     = 121738050                              {pd product} {ergonomic}
    uintx ReservedCodeCacheSize                    = 251658240                              {pd product} {ergonomic}
     bool SegmentedCodeCache                       = true                                      {product} {ergonomic}
     bool UseCompressedClassPointers               = true                                 {lp64_product} {ergonomic}
     bool UseCompressedOops                        = true                                 {lp64_product} {ergonomic}
     bool UseG1GC                                  = true                                      {product} {ergonomic}
     bool UseLargePagesIndividualAllocation        = false                                  {pd product} {ergonomic}

Logging:
Log output configuration:
 #0: stdout all=warning uptime,level,tags
 #1: stderr all=off uptime,level,tags

Environment Variables:
JAVA_HOME=C:\Program Files\Unity\Hub\Editor\2022.3.17f1\Editor\Data\PlaybackEngines\AndroidPlayer\OpenJDK
JAVA_TOOL_OPTIONS=-Dfile.encoding=UTF-8
CLASSPATH=C:\Program Files\Unity\Hub\Editor\2022.3.17f1\Editor\Data\PlaybackEngines\AndroidPlayer\SDK\cmdline-tools\6.0\bin\..\lib\sdkmanager-classpath.jar
PATH=C:\Program Files\Oculus\Support\oculus-runtime;C:\Program Files (x86)\Common Files\Intel\Shared Libraries\redist\intel64\compiler;C:\Windows\system32;C:\Windows;C:\Windows\System32\Wbem;C:\Windows\System32\WindowsPowerShell\v1.0\;C:\Windows\System32\OpenSSH\;C:\Program Files (x86)\NVIDIA Corporation\PhysX\Common;C:\Program Files\NVIDIA Corporation\NVIDIA NvDLISR;C:\WINDOWS\system32;C:\WINDOWS;C:\WINDOWS\System32\Wbem;C:\WINDOWS\System32\WindowsPowerShell\v1.0\;C:\WINDOWS\System32\OpenSSH\;C:\Program Files\dotnet\;C:\Program Files\nodejs\;C:\MinGW\bin;C:\Users\mailm\AppData\Local\Microsoft\WindowsApps;C:\Users\mailm\AppData\Local\Programs\Microsoft VS Code\bin;C:\Users\mailm\AppData\Roaming\npm
USERNAME=mailm
OS=Windows_NT
PROCESSOR_IDENTIFIER=Intel64 Family 6 Model 183 Stepping 1, GenuineIntel



---------------  S Y S T E M  ---------------

OS: Windows 11 , 64 bit Build 22621 (10.0.22621.3374)
OS uptime: 2 days 3:54 hours
Hyper-V role detected

CPU:total 32 (initial active 32) (16 cores per cpu, 2 threads per core) family 6 model 183 stepping 1 microcode 0x11d, cmov, cx8, fxsr, mmx, sse, sse2, sse3, ssse3, sse4.1, sse4.2, popcnt, avx, avx2, aes, clmul, erms, 3dnowpref, lzcnt, ht, tsc, tscinvbit, bmi1, bmi2, adx, sha, fma

Memory: 4k page, system-wide physical 16119M (438M free)
TotalPageFile size 54599M (AvailPageFile size 5M)
current process WorkingSet (physical memory assigned to process): 217M, peak: 217M
current process commit charge ("private bytes"): 422M, peak: 424M

vm_info: OpenJDK 64-Bit Server VM (11.0.14.1+1) for windows-amd64 JRE (11.0.14.1+1), built on Feb  9 2022 01:48:27 by "" with unknown MS VC++:1916

END.
